<?xml version="1.0" encoding="UTF-8"?>
<coverage generated="1579172133281" clover="3.2.0">
  <project timestamp="1579172133281" name="All files">
    <metrics statements="20" coveredstatements="20" conditionals="3" coveredconditionals="3" methods="8" coveredmethods="8" elements="31" coveredelements="31" complexity="0" loc="20" ncloc="20" packages="1" files="2" classes="2"/>
    <file name="calendar.js" path="/Users/luis.meyer/Projects/Calendar-Formatter/src/calendar.js">
      <metrics statements="12" coveredstatements="12" conditionals="2" coveredconditionals="2" methods="3" coveredmethods="3"/>
      <line num="1" count="1" type="stmt"/>
      <line num="3" count="1" type="stmt"/>
      <line num="4" count="3" type="stmt"/>
      <line num="5" count="3" type="stmt"/>
      <line num="6" count="3" type="stmt"/>
      <line num="11" count="1" type="stmt"/>
      <line num="12" count="2" type="stmt"/>
      <line num="13" count="2" type="stmt"/>
      <line num="15" count="2" type="stmt"/>
      <line num="19" count="2" type="cond" truecount="2" falsecount="0"/>
      <line num="21" count="1" type="stmt"/>
      <line num="27" count="2" type="stmt"/>
    </file>
    <file name="nak.js" path="/Users/luis.meyer/Projects/Calendar-Formatter/src/nak.js">
      <metrics statements="8" coveredstatements="8" conditionals="1" coveredconditionals="1" methods="5" coveredmethods="5"/>
      <line num="1" count="1" type="stmt"/>
      <line num="5" count="1" type="stmt"/>
      <line num="7" count="3" type="stmt"/>
      <line num="9" count="3" type="cond" truecount="1" falsecount="0"/>
      <line num="12" count="6" type="stmt"/>
      <line num="17" count="1" type="stmt"/>
      <line num="18" count="2" type="stmt"/>
      <line num="19" count="1" type="stmt"/>
    </file>
  </project>
</coverage>
