{"/Users/luis.meyer/Projects/Calendar-Formatter/src/calendar.js": {"path":"/Users/luis.meyer/Projects/Calendar-Formatter/src/calendar.js","statementMap":{"0":{"start":{"line":1,"column":18},"end":{"line":1,"column":43}},"1":{"start":{"line":3,"column":0},"end":{"line":9,"column":1}},"2":{"start":{"line":4,"column":21},"end":{"line":4,"column":45}},"3":{"start":{"line":5,"column":22},"end":{"line":5,"column":58}},"4":{"start":{"line":6,"column":2},"end":{"line":8,"column":47}},"5":{"start":{"line":11,"column":0},"end":{"line":28,"column":1}},"6":{"start":{"line":12,"column":14},"end":{"line":12,"column":25}},"7":{"start":{"line":13,"column":17},"end":{"line":13,"column":40}},"8":{"start":{"line":15,"column":2},"end":{"line":25,"column":5}},"9":{"start":{"line":19,"column":4},"end":{"line":19,"column":25}},"10":{"start":{"line":19,"column":18},"end":{"line":19,"column":25}},"11":{"start":{"line":21,"column":4},"end":{"line":24,"column":7}},"12":{"start":{"line":27,"column":2},"end":{"line":27,"column":13}}},"fnMap":{"0":{"name":"(anonymous_0)","decl":{"start":{"line":3,"column":31},"end":{"line":3,"column":32}},"loc":{"start":{"line":3,"column":44},"end":{"line":9,"column":1}},"line":3},"1":{"name":"(anonymous_1)","decl":{"start":{"line":11,"column":24},"end":{"line":11,"column":25}},"loc":{"start":{"line":11,"column":38},"end":{"line":28,"column":1}},"line":11},"2":{"name":"(anonymous_2)","decl":{"start":{"line":15,"column":17},"end":{"line":15,"column":18}},"loc":{"start":{"line":18,"column":8},"end":{"line":25,"column":3}},"line":18}},"branchMap":{"0":{"loc":{"start":{"line":19,"column":4},"end":{"line":19,"column":25}},"type":"if","locations":[{"start":{"line":19,"column":4},"end":{"line":19,"column":25}},{"start":{"line":19,"column":4},"end":{"line":19,"column":25}}],"line":19}},"s":{"0":1,"1":1,"2":3,"3":3,"4":3,"5":1,"6":2,"7":2,"8":2,"9":2,"10":1,"11":1,"12":2},"f":{"0":3,"1":2,"2":2},"b":{"0":[1,1]},"_coverageSchema":"43e27e138ebf9cfc5966b082cf9a028302ed4184","hash":"b659b0a22ead4055848fb7fdeeb367e836ee346f"}
,"/Users/luis.meyer/Projects/Calendar-Formatter/src/nak.js": {"path":"/Users/luis.meyer/Projects/Calendar-Formatter/src/nak.js","statementMap":{"0":{"start":{"line":1,"column":13},"end":{"line":1,"column":33}},"1":{"start":{"line":5,"column":4},"end":{"line":5,"column":23}},"2":{"start":{"line":7,"column":0},"end":{"line":7,"column":123}},"3":{"start":{"line":7,"column":43},"end":{"line":7,"column":123}},"4":{"start":{"line":9,"column":0},"end":{"line":15,"column":3}},"5":{"start":{"line":9,"column":79},"end":{"line":15,"column":3}},"6":{"start":{"line":12,"column":6},"end":{"line":15,"column":2}},"7":{"start":{"line":17,"column":0},"end":{"line":20,"column":1}},"8":{"start":{"line":18,"column":2},"end":{"line":19,"column":22}},"9":{"start":{"line":19,"column":18},"end":{"line":19,"column":20}}},"fnMap":{"0":{"name":"(anonymous_0)","decl":{"start":{"line":7,"column":29},"end":{"line":7,"column":30}},"loc":{"start":{"line":7,"column":43},"end":{"line":7,"column":123}},"line":7},"1":{"name":"(anonymous_1)","decl":{"start":{"line":9,"column":33},"end":{"line":9,"column":34}},"loc":{"start":{"line":9,"column":79},"end":{"line":15,"column":3}},"line":9},"2":{"name":"(anonymous_2)","decl":{"start":{"line":9,"column":94},"end":{"line":9,"column":95}},"loc":{"start":{"line":12,"column":6},"end":{"line":15,"column":2}},"line":12},"3":{"name":"(anonymous_3)","decl":{"start":{"line":17,"column":31},"end":{"line":17,"column":32}},"loc":{"start":{"line":17,"column":45},"end":{"line":20,"column":1}},"line":17},"4":{"name":"(anonymous_4)","decl":{"start":{"line":19,"column":11},"end":{"line":19,"column":12}},"loc":{"start":{"line":19,"column":18},"end":{"line":19,"column":20}},"line":19}},"branchMap":{"0":{"loc":{"start":{"line":9,"column":34},"end":{"line":9,"column":74}},"type":"default-arg","locations":[{"start":{"line":9,"column":46},"end":{"line":9,"column":74}}],"line":9}},"s":{"0":1,"1":1,"2":1,"3":3,"4":1,"5":3,"6":6,"7":1,"8":2,"9":1},"f":{"0":3,"1":3,"2":6,"3":2,"4":1},"b":{"0":[1]},"_coverageSchema":"43e27e138ebf9cfc5966b082cf9a028302ed4184","hash":"bc20122b65f41dd48f04c94a9cf8df4488da7f3c"}
}
