TN:
SF:/Users/luis.meyer/Projects/Calendar-Formatter/src/calendar.js
FN:3,(anonymous_0)
FN:11,(anonymous_1)
FN:15,(anonymous_2)
FNF:3
FNH:3
FNDA:3,(anonymous_0)
FNDA:2,(anonymous_1)
FNDA:2,(anonymous_2)
DA:1,1
DA:3,1
DA:4,3
DA:5,3
DA:6,3
DA:11,1
DA:12,2
DA:13,2
DA:15,2
DA:19,2
DA:21,1
DA:27,2
LF:12
LH:12
BRDA:19,0,0,1
BRDA:19,0,1,1
BRF:2
BRH:2
end_of_record
TN:
SF:/Users/luis.meyer/Projects/Calendar-Formatter/src/nak.js
FN:7,(anonymous_0)
FN:9,(anonymous_1)
FN:9,(anonymous_2)
FN:17,(anonymous_3)
FN:19,(anonymous_4)
FNF:5
FNH:5
FNDA:3,(anonymous_0)
FNDA:3,(anonymous_1)
FNDA:6,(anonymous_2)
FNDA:2,(anonymous_3)
FNDA:1,(anonymous_4)
DA:1,1
DA:5,1
DA:7,3
DA:9,3
DA:12,6
DA:17,1
DA:18,2
DA:19,1
LF:8
LH:8
BRDA:9,0,0,1
BRF:1
BRH:1
end_of_record
